# JRE version: OpenJDK Runtime Environment Temurin-21.0.2+13 (21.0.2+13) (build 21.0.2+13-LTS)
# Java VM: OpenJDK 64-Bit Server VM Temurin-21.0.2+13 (21.0.2+13-LTS, mixed mode, emulated-client, tiered, compressed oops, compressed class ptrs, g1 gc, bsd-amd64)
GC Precious Log:
 CardTable entry size: 512
 Card Set container configuration: InlinePtr #cards 4 size 8 Array Of Cards #cards 16 size 48 Howl #buckets 8 coarsen threshold 3686 Howl Bitmap #cards 512 size 80 coarsen threshold 460 Card regions per heap region 1 cards per card region 4096
 CPUs: 8 total, 8 available
 Memory: 16384M
 Large Page Support: Disabled
 NUMA Support: Disabled
 Compressed Oops: Enabled (Zero based)
 Heap Region Size: 2M
 Heap Min Capacity: 8M
 Heap Initial Capacity: 256M
 Heap Max Capacity: 4G
 Pre-touch: Disabled
 Parallel Workers: 8
 Concurrent Workers: 2
 Concurrent Refinement Workers: 8
 Periodic GC: Disabled
Heap:
 garbage-first heap   total 102400K, used 86066K [0x0000000700000000, 0x0000000800000000)
  region size 2048K, 26 young (53248K), 2 survivors (4096K)
 Metaspace       used 97271K, committed 98304K, reserved 1179648K
  class space    used 12313K, committed 12800K, reserved 1048576K
GC Heap History (20 events):
Event: 3141.138 GC heap after
{Heap after GC invocations=135 (full 4):
 garbage-first heap   total 102400K, used 35316K [0x0000000700000000, 0x0000000800000000)
  region size 2048K, 1 young (2048K), 1 survivors (2048K)
 Metaspace       used 96296K, committed 97664K, reserved 1179648K
  class space    used 12215K, committed 12800K, reserved 1048576K
}
Event: 3142.545 GC heap before
{Heap before GC invocations=136 (full 4):
 garbage-first heap   total 102400K, used 37364K [0x0000000700000000, 0x0000000800000000)
  region size 2048K, 3 young (6144K), 1 survivors (2048K)
 Metaspace       used 96307K, committed 97664K, reserved 1179648K
  class space    used 12218K, committed 12800K, reserved 1048576K
}
Event: 3142.599 GC heap after
{Heap after GC invocations=137 (full 5):
 garbage-first heap   total 102400K, used 28430K [0x0000000700000000, 0x0000000800000000)
  region size 2048K, 0 young (0K), 0 survivors (0K)
 Metaspace       used 96211K, committed 97600K, reserved 1179648K
  class space    used 12201K, committed 12800K, reserved 1048576K
}
Event: 3143.812 GC heap before
{Heap before GC invocations=137 (full 5):
 garbage-first heap   total 102400K, used 87822K [0x0000000700000000, 0x0000000800000000)
  region size 2048K, 30 young (61440K), 0 survivors (0K)
 Metaspace       used 96434K, committed 97600K, reserved 1179648K
  class space    used 12250K, committed 12800K, reserved 1048576K
}
Event: 3143.816 GC heap after
{Heap after GC invocations=138 (full 5):
 garbage-first heap   total 102400K, used 34280K [0x0000000700000000, 0x0000000800000000)
  region size 2048K, 3 young (6144K), 3 survivors (6144K)
 Metaspace       used 96434K, committed 97600K, reserved 1179648K
  class space    used 12250K, committed 12800K, reserved 1048576K
}
Event: 3144.814 GC heap before
{Heap before GC invocations=139 (full 5):
 garbage-first heap   total 102400K, used 85480K [0x0000000700000000, 0x0000000800000000)
  region size 2048K, 28 young (57344K), 3 survivors (6144K)
 Metaspace       used 96888K, committed 97984K, reserved 1179648K
  class space    used 12287K, committed 12800K, reserved 1048576K
}
Event: 3144.819 GC heap after
{Heap after GC invocations=140 (full 5):
 garbage-first heap   total 102400K, used 37923K [0x0000000700000000, 0x0000000800000000)
  region size 2048K, 3 young (6144K), 3 survivors (6144K)
 Metaspace       used 96888K, committed 97984K, reserved 1179648K
  class space    used 12287K, committed 12800K, reserved 1048576K
}
Event: 3153.220 GC heap before
{Heap before GC invocations=140 (full 5):
 garbage-first heap   total 102400K, used 82979K [0x0000000700000000, 0x0000000800000000)
  region size 2048K, 25 young (51200K), 3 survivors (6144K)
 Metaspace       used 96981K, committed 98112K, reserved 1179648K
  class space    used 12305K, committed 12800K, reserved 1048576K
}
Event: 3153.227 GC heap after
{Heap after GC invocations=141 (full 5):
 garbage-first heap   total 102400K, used 39613K [0x0000000700000000, 0x0000000800000000)
  region size 2048K, 3 young (6144K), 3 survivors (6144K)
 Metaspace       used 96981K, committed 98112K, reserved 1179648K
  class space    used 12305K, committed 12800K, reserved 1048576K
}
Event: 3213.736 GC heap before
{Heap before GC invocations=141 (full 5):
 garbage-first heap   total 102400K, used 86717K [0x0000000700000000, 0x0000000800000000)
  region size 2048K, 26 young (53248K), 3 survivors (6144K)
 Metaspace       used 96981K, committed 98112K, reserved 1179648K
  class space    used 12305K, committed 12800K, reserved 1048576K
}
Event: 3213.742 GC heap after
{Heap after GC invocations=142 (full 5):
 garbage-first heap   total 102400K, used 39691K [0x0000000700000000, 0x0000000800000000)
  region size 2048K, 2 young (4096K), 2 survivors (4096K)
 Metaspace       used 96981K, committed 98112K, reserved 1179648K
  class space    used 12305K, committed 12800K, reserved 1048576K
}
Event: 3271.134 GC heap before
{Heap before GC invocations=143 (full 5):
 garbage-first heap   total 102400K, used 84747K [0x0000000700000000, 0x0000000800000000)
  region size 2048K, 25 young (51200K), 2 survivors (4096K)
 Metaspace       used 96842K, committed 98112K, reserved 1179648K
  class space    used 12267K, committed 12800K, reserved 1048576K
}
Event: 3271.178 GC heap after
{Heap after GC invocations=144 (full 6):
 garbage-first heap   total 102400K, used 28757K [0x0000000700000000, 0x0000000800000000)
  region size 2048K, 0 young (0K), 0 survivors (0K)
 Metaspace       used 96708K, committed 98048K, reserved 1179648K
  class space    used 12240K, committed 12800K, reserved 1048576K
}
Event: 3272.280 GC heap before
{Heap before GC invocations=144 (full 6):
 garbage-first heap   total 102400K, used 86101K [0x0000000700000000, 0x0000000800000000)
  region size 2048K, 29 young (59392K), 0 survivors (0K)
 Metaspace       used 96929K, committed 98048K, reserved 1179648K
  class space    used 12290K, committed 12800K, reserved 1048576K
}
Event: 3272.283 GC heap after
{Heap after GC invocations=145 (full 6):
 garbage-first heap   total 102400K, used 34360K [0x0000000700000000, 0x0000000800000000)
  region size 2048K, 3 young (6144K), 3 survivors (6144K)
 Metaspace       used 96929K, committed 98048K, reserved 1179648K
  class space    used 12290K, committed 12800K, reserved 1048576K
}
Event: 3302.271 GC heap before
{Heap before GC invocations=146 (full 6):
 garbage-first heap   total 102400K, used 83512K [0x0000000700000000, 0x0000000800000000)
  region size 2048K, 27 young (55296K), 3 survivors (6144K)
 Metaspace       used 97231K, committed 98304K, reserved 1179648K
  class space    used 12309K, committed 12800K, reserved 1048576K
}
Event: 3302.277 GC heap after
{Heap after GC invocations=147 (full 6):
 garbage-first heap   total 102400K, used 36626K [0x0000000700000000, 0x0000000800000000)
  region size 2048K, 2 young (4096K), 2 survivors (4096K)
 Metaspace       used 97231K, committed 98304K, reserved 1179648K
  class space    used 12309K, committed 12800K, reserved 1048576K
}
Event: 3364.957 GC heap before
{Heap before GC invocations=147 (full 6):
 garbage-first heap   total 102400K, used 83730K [0x0000000700000000, 0x0000000800000000)
  region size 2048K, 25 young (51200K), 2 survivors (4096K)
 Metaspace       used 97235K, committed 98304K, reserved 1179648K
  class space    used 12310K, committed 12800K, reserved 1048576K
}
Event: 3364.961 GC heap after
{Heap after GC invocations=148 (full 6):
 garbage-first heap   total 102400K, used 36914K [0x0000000700000000, 0x0000000800000000)
  region size 2048K, 2 young (4096K), 2 survivors (4096K)
 Metaspace       used 97235K, committed 98304K, reserved 1179648K
  class space    used 12310K, committed 12800K, reserved 1048576K
}
Event: 3430.619 GC heap before
{Heap before GC invocations=148 (full 6):
 garbage-first heap   total 102400K, used 86066K [0x0000000700000000, 0x0000000800000000)
  region size 2048K, 26 young (53248K), 2 survivors (4096K)
 Metaspace       used 97271K, committed 98304K, reserved 1179648K
  class space    used 12313K, committed 12800K, reserved 1048576K
}

