# JRE version: OpenJDK Runtime Environment Temurin-21.0.2+13 (21.0.2+13) (build 21.0.2+13-LTS)
# Java VM: OpenJDK 64-Bit Server VM Temurin-21.0.2+13 (21.0.2+13-LTS, mixed mode, emulated-client, tiered, compressed oops, compressed class ptrs, g1 gc, bsd-amd64)
GC Precious Log:
 CardTable entry size: 512
 Card Set container configuration: InlinePtr #cards 4 size 8 Array Of Cards #cards 16 size 48 Howl #buckets 8 coarsen threshold 3686 Howl Bitmap #cards 512 size 80 coarsen threshold 460 Card regions per heap region 1 cards per card region 4096
 CPUs: 8 total, 8 available
 Memory: 16384M
 Large Page Support: Disabled
 NUMA Support: Disabled
 Compressed Oops: Enabled (Zero based)
 Heap Region Size: 2M
 Heap Min Capacity: 8M
 Heap Initial Capacity: 256M
 Heap Max Capacity: 4G
 Pre-touch: Disabled
 Parallel Workers: 8
 Concurrent Workers: 2
 Concurrent Refinement Workers: 8
 Periodic GC: Disabled
Heap:
 garbage-first heap   total 96256K, used 75242K [0x0000000700000000, 0x0000000800000000)
  region size 2048K, 22 young (45056K), 2 survivors (4096K)
 Metaspace       used 82191K, committed 82880K, reserved 1179648K
  class space    used 10853K, committed 11200K, reserved 1048576K
GC Heap History (20 events):
Event: 514.476 GC heap after
{Heap after GC invocations=26 (full 1):
 garbage-first heap   total 102400K, used 32871K [0x0000000700000000, 0x0000000800000000)
  region size 2048K, 3 young (6144K), 3 survivors (6144K)
 Metaspace       used 80957K, committed 81664K, reserved 1179648K
  class space    used 10745K, committed 11072K, reserved 1048576K
}
Event: 539.712 GC heap before
{Heap before GC invocations=27 (full 1):
 garbage-first heap   total 102400K, used 49255K [0x0000000700000000, 0x0000000800000000)
  region size 2048K, 12 young (24576K), 3 survivors (6144K)
 Metaspace       used 80669K, committed 81664K, reserved 1179648K
  class space    used 10664K, committed 11072K, reserved 1048576K
}
Event: 539.776 GC heap after
{Heap after GC invocations=28 (full 2):
 garbage-first heap   total 102400K, used 26993K [0x0000000700000000, 0x0000000800000000)
  region size 2048K, 0 young (0K), 0 survivors (0K)
 Metaspace       used 80631K, committed 81664K, reserved 1179648K
  class space    used 10657K, committed 11072K, reserved 1048576K
}
Event: 540.983 GC heap before
{Heap before GC invocations=28 (full 2):
 garbage-first heap   total 102400K, used 84337K [0x0000000700000000, 0x0000000800000000)
  region size 2048K, 29 young (59392K), 0 survivors (0K)
 Metaspace       used 80893K, committed 81728K, reserved 1179648K
  class space    used 10683K, committed 11072K, reserved 1048576K
}
Event: 540.988 GC heap after
{Heap after GC invocations=29 (full 2):
 garbage-first heap   total 102400K, used 32074K [0x0000000700000000, 0x0000000800000000)
  region size 2048K, 3 young (6144K), 3 survivors (6144K)
 Metaspace       used 80893K, committed 81728K, reserved 1179648K
  class space    used 10683K, committed 11072K, reserved 1048576K
}
Event: 544.550 GC heap before
{Heap before GC invocations=29 (full 2):
 garbage-first heap   total 102400K, used 48458K [0x0000000700000000, 0x0000000800000000)
  region size 2048K, 12 young (24576K), 3 survivors (6144K)
 Metaspace       used 80920K, committed 81792K, reserved 1179648K
  class space    used 10686K, committed 11072K, reserved 1048576K
}
Event: 544.602 GC heap after
{Heap after GC invocations=30 (full 3):
 garbage-first heap   total 102400K, used 27227K [0x0000000700000000, 0x0000000800000000)
  region size 2048K, 0 young (0K), 0 survivors (0K)
 Metaspace       used 80918K, committed 81792K, reserved 1179648K
  class space    used 10686K, committed 11072K, reserved 1048576K
}
Event: 545.761 GC heap before
{Heap before GC invocations=30 (full 3):
 garbage-first heap   total 102400K, used 82523K [0x0000000700000000, 0x0000000800000000)
  region size 2048K, 28 young (57344K), 0 survivors (0K)
 Metaspace       used 81181K, committed 81920K, reserved 1179648K
  class space    used 10713K, committed 11136K, reserved 1048576K
}
Event: 545.765 GC heap after
{Heap after GC invocations=31 (full 3):
 garbage-first heap   total 102400K, used 32358K [0x0000000700000000, 0x0000000800000000)
  region size 2048K, 3 young (6144K), 3 survivors (6144K)
 Metaspace       used 81181K, committed 81920K, reserved 1179648K
  class space    used 10713K, committed 11136K, reserved 1048576K
}
Event: 589.234 GC heap before
{Heap before GC invocations=32 (full 3):
 garbage-first heap   total 102400K, used 50790K [0x0000000700000000, 0x0000000800000000)
  region size 2048K, 13 young (26624K), 3 survivors (6144K)
 Metaspace       used 81224K, committed 81984K, reserved 1179648K
  class space    used 10716K, committed 11136K, reserved 1048576K
}
Event: 589.286 GC heap after
{Heap after GC invocations=33 (full 4):
 garbage-first heap   total 96256K, used 27389K [0x0000000700000000, 0x0000000800000000)
  region size 2048K, 0 young (0K), 0 survivors (0K)
 Metaspace       used 81221K, committed 81984K, reserved 1179648K
  class space    used 10715K, committed 11136K, reserved 1048576K
}
Event: 590.382 GC heap before
{Heap before GC invocations=33 (full 4):
 garbage-first heap   total 96256K, used 80637K [0x0000000700000000, 0x0000000800000000)
  region size 2048K, 27 young (55296K), 0 survivors (0K)
 Metaspace       used 81480K, committed 82176K, reserved 1179648K
  class space    used 10741K, committed 11136K, reserved 1048576K
}
Event: 590.386 GC heap after
{Heap after GC invocations=34 (full 4):
 garbage-first heap   total 96256K, used 32503K [0x0000000700000000, 0x0000000800000000)
  region size 2048K, 3 young (6144K), 3 survivors (6144K)
 Metaspace       used 81480K, committed 82176K, reserved 1179648K
  class space    used 10741K, committed 11136K, reserved 1048576K
}
Event: 766.995 GC heap before
{Heap before GC invocations=34 (full 4):
 garbage-first heap   total 96256K, used 59127K [0x0000000700000000, 0x0000000800000000)
  region size 2048K, 17 young (34816K), 3 survivors (6144K)
 Metaspace       used 81494K, committed 82240K, reserved 1179648K
  class space    used 10745K, committed 11136K, reserved 1048576K
}
Event: 767.075 GC heap after
{Heap after GC invocations=35 (full 5):
 garbage-first heap   total 96256K, used 27433K [0x0000000700000000, 0x0000000800000000)
  region size 2048K, 0 young (0K), 0 survivors (0K)
 Metaspace       used 81487K, committed 82240K, reserved 1179648K
  class space    used 10743K, committed 11136K, reserved 1048576K
}
Event: 768.116 GC heap before
{Heap before GC invocations=35 (full 5):
 garbage-first heap   total 96256K, used 76585K [0x0000000700000000, 0x0000000800000000)
  region size 2048K, 25 young (51200K), 0 survivors (0K)
 Metaspace       used 81690K, committed 82368K, reserved 1179648K
  class space    used 10766K, committed 11136K, reserved 1048576K
}
Event: 768.120 GC heap after
{Heap after GC invocations=36 (full 5):
 garbage-first heap   total 96256K, used 31967K [0x0000000700000000, 0x0000000800000000)
  region size 2048K, 3 young (6144K), 3 survivors (6144K)
 Metaspace       used 81690K, committed 82368K, reserved 1179648K
  class space    used 10766K, committed 11136K, reserved 1048576K
}
Event: 935.518 GC heap before
{Heap before GC invocations=37 (full 5):
 garbage-first heap   total 96256K, used 77023K [0x0000000700000000, 0x0000000800000000)
  region size 2048K, 25 young (51200K), 3 survivors (6144K)
 Metaspace       used 81990K, committed 82624K, reserved 1179648K
  class space    used 10833K, committed 11136K, reserved 1048576K
}
Event: 935.521 GC heap after
{Heap after GC invocations=38 (full 5):
 garbage-first heap   total 96256K, used 34282K [0x0000000700000000, 0x0000000800000000)
  region size 2048K, 4 young (8192K), 4 survivors (8192K)
 Metaspace       used 81990K, committed 82624K, reserved 1179648K
  class space    used 10833K, committed 11136K, reserved 1048576K
}
Event: 1356.598 GC heap before
{Heap before GC invocations=38 (full 5):
 garbage-first heap   total 96256K, used 73194K [0x0000000700000000, 0x0000000800000000)
  region size 2048K, 24 young (49152K), 4 survivors (8192K)
 Metaspace       used 82191K, committed 82880K, reserved 1179648K
  class space    used 10853K, committed 11200K, reserved 1048576K
}

